#
# There is insufficient memory for the Java Runtime Environment to continue.
# Native memory allocation (mmap) failed to map 87031808 bytes for committing reserved memory.
# Possible reasons:
#   The system is out of physical RAM or swap space
#   In 32 bit mode, the process size limit was hit
# Possible solutions:
#   Reduce memory load on the system
#   Increase physical memory or swap space
#   Check if swap backing store is full
#   Use 64 bit Java on a 64 bit OS
#   Decrease Java heap size (-Xmx/-Xms)
#   Decrease number of Java threads
#   Decrease Java thread stack sizes (-Xss)
#   Set larger code cache with -XX:ReservedCodeCacheSize=
# This output file may be truncated or incomplete.
#
#  Out of Memory Error (os_linux.cpp:2640), pid=9036, tid=0x00007f0fbb5c8700
#
# JRE version:  (8.0_172-b11) (build )
# Java VM: OpenJDK 64-Bit Server VM (25.172-b11 mixed mode linux-amd64 compressed oops)
# Core dump written. Default location: /home/kevinmanjaro/NetBeansProjects/cinepolis/core or core.9036
#

---------------  T H R E A D  ---------------

Current thread (0x00007f0fb400a800):  JavaThread "Unknown thread" [_thread_in_vm, id=9040, stack(0x00007f0fbb4c9000,0x00007f0fbb5c9000)]

Stack: [0x00007f0fbb4c9000,0x00007f0fbb5c9000],  sp=0x00007f0fbb5c75a0,  free space=1017k
Native frames: (J=compiled Java code, j=interpreted, Vv=VM code, C=native code)
V  [libjvm.so+0xaabd72]
V  [libjvm.so+0x4da747]
V  [libjvm.so+0x8e77a0]
V  [libjvm.so+0x8e1d4e]
V  [libjvm.so+0x962366]
V  [libjvm.so+0x95269c]
V  [libjvm.so+0x2b4ffe]
V  [libjvm.so+0x90f3a1]
V  [libjvm.so+0xa6e2da]
V  [libjvm.so+0xa6e5c5]
V  [libjvm.so+0x62785f]
V  [libjvm.so+0xa51d1b]
V  [libjvm.so+0x6a7120]  JNI_CreateJavaVM+0x60
C  [libjli.so+0x2bf3]
C  [libpthread.so.0+0x7075]  start_thread+0xe5


---------------  P R O C E S S  ---------------

Java Threads: ( => current thread )

Other Threads:

=>0x00007f0fb400a800 (exited) JavaThread "Unknown thread" [_thread_in_vm, id=9040, stack(0x00007f0fbb4c9000,0x00007f0fbb5c9000)]

VM state:not at safepoint (not fully initialized)

VM Mutex/Monitor currently owned by a thread: None

GC Heap History (0 events):
No events

Deoptimization events (0 events):
No events

Classes redefined (0 events):
No events

Internal exceptions (0 events):
No events

Events (0 events):
No events


Dynamic libraries:
8a100000-d6f80000 ---p 00000000 00:00 0 
d6f80000-d9880000 rw-p 00000000 00:00 0 
d9880000-100000000 ---p 00000000 00:00 0 
55e3c0fa1000-55e3c0fa2000 r-xp 00000000 08:0a 141196                     /usr/lib/jvm/java-8-openjdk/jre/bin/java
55e3c11a1000-55e3c11a2000 r--p 00000000 08:0a 141196                     /usr/lib/jvm/java-8-openjdk/jre/bin/java
55e3c11a2000-55e3c11a3000 rw-p 00001000 08:0a 141196                     /usr/lib/jvm/java-8-openjdk/jre/bin/java
55e3c2a89000-55e3c2aaa000 rw-p 00000000 00:00 0                          [heap]
7f0fa5000000-7f0fa5270000 rwxp 00000000 00:00 0 
7f0fa5270000-7f0fb4000000 ---p 00000000 00:00 0 
7f0fb4000000-7f0fb4033000 rw-p 00000000 00:00 0 
7f0fb4033000-7f0fb8000000 ---p 00000000 00:00 0 
7f0fb82ba000-7f0fb854a000 ---p 00000000 00:00 0 
7f0fb854a000-7f0fb8560000 rw-p 00000000 00:00 0 
7f0fb8560000-7f0fb8693000 ---p 00000000 00:00 0 
7f0fb8693000-7f0fb869e000 rw-p 00000000 00:00 0 
7f0fb869e000-7f0fb8a54000 ---p 00000000 00:00 0 
7f0fb8a54000-7f0fb8a5c000 r-xp 00000000 08:0a 141255                     /usr/lib/jvm/java-8-openjdk/jre/lib/amd64/libzip.so
7f0fb8a5c000-7f0fb8c5b000 ---p 00008000 08:0a 141255                     /usr/lib/jvm/java-8-openjdk/jre/lib/amd64/libzip.so
7f0fb8c5b000-7f0fb8c5c000 r--p 00007000 08:0a 141255                     /usr/lib/jvm/java-8-openjdk/jre/lib/amd64/libzip.so
7f0fb8c5c000-7f0fb8c5d000 rw-p 00008000 08:0a 141255                     /usr/lib/jvm/java-8-openjdk/jre/lib/amd64/libzip.so
7f0fb8c5d000-7f0fb8c68000 r-xp 00000000 08:0a 1704742                    /usr/lib/libnss_files-2.27.so
7f0fb8c68000-7f0fb8e67000 ---p 0000b000 08:0a 1704742                    /usr/lib/libnss_files-2.27.so
7f0fb8e67000-7f0fb8e68000 r--p 0000a000 08:0a 1704742                    /usr/lib/libnss_files-2.27.so
7f0fb8e68000-7f0fb8e69000 rw-p 0000b000 08:0a 1704742                    /usr/lib/libnss_files-2.27.so
7f0fb8e69000-7f0fb8e6f000 rw-p 00000000 00:00 0 
7f0fb8e6f000-7f0fb8e9d000 r-xp 00000000 08:0a 141234                     /usr/lib/jvm/java-8-openjdk/jre/lib/amd64/libjava.so
7f0fb8e9d000-7f0fb909c000 ---p 0002e000 08:0a 141234                     /usr/lib/jvm/java-8-openjdk/jre/lib/amd64/libjava.so
7f0fb909c000-7f0fb909d000 r--p 0002d000 08:0a 141234                     /usr/lib/jvm/java-8-openjdk/jre/lib/amd64/libjava.so
7f0fb909d000-7f0fb909f000 rw-p 0002e000 08:0a 141234                     /usr/lib/jvm/java-8-openjdk/jre/lib/amd64/libjava.so
7f0fb909f000-7f0fb90ac000 r-xp 00000000 08:0a 141254                     /usr/lib/jvm/java-8-openjdk/jre/lib/amd64/libverify.so
7f0fb90ac000-7f0fb92ab000 ---p 0000d000 08:0a 141254                     /usr/lib/jvm/java-8-openjdk/jre/lib/amd64/libverify.so
7f0fb92ab000-7f0fb92ad000 r--p 0000c000 08:0a 141254                     /usr/lib/jvm/java-8-openjdk/jre/lib/amd64/libverify.so
7f0fb92ad000-7f0fb92ae000 rw-p 0000e000 08:0a 141254                     /usr/lib/jvm/java-8-openjdk/jre/lib/amd64/libverify.so
7f0fb92ae000-7f0fb92b5000 r-xp 00000000 08:0a 1704656                    /usr/lib/librt-2.27.so
7f0fb92b5000-7f0fb94b4000 ---p 00007000 08:0a 1704656                    /usr/lib/librt-2.27.so
7f0fb94b4000-7f0fb94b5000 r--p 00006000 08:0a 1704656                    /usr/lib/librt-2.27.so
7f0fb94b5000-7f0fb94b6000 rw-p 00007000 08:0a 1704656                    /usr/lib/librt-2.27.so
7f0fb94b6000-7f0fb9649000 r-xp 00000000 08:0a 1704530                    /usr/lib/libm-2.27.so
7f0fb9649000-7f0fb9849000 ---p 00193000 08:0a 1704530                    /usr/lib/libm-2.27.so
7f0fb9849000-7f0fb984a000 r--p 00193000 08:0a 1704530                    /usr/lib/libm-2.27.so
7f0fb984a000-7f0fb984b000 rw-p 00194000 08:0a 1704530                    /usr/lib/libm-2.27.so
7f0fb984b000-7f0fba4f2000 r-xp 00000000 08:0a 141258                     /usr/lib/jvm/java-8-openjdk/jre/lib/amd64/server/libjvm.so
7f0fba4f2000-7f0fba6f1000 ---p 00ca7000 08:0a 141258                     /usr/lib/jvm/java-8-openjdk/jre/lib/amd64/server/libjvm.so
7f0fba6f1000-7f0fba786000 r--p 00ca6000 08:0a 141258                     /usr/lib/jvm/java-8-openjdk/jre/lib/amd64/server/libjvm.so
7f0fba786000-7f0fba7ae000 rw-p 00d3b000 08:0a 141258                     /usr/lib/jvm/java-8-openjdk/jre/lib/amd64/server/libjvm.so
7f0fba7ae000-7f0fba7df000 rw-p 00000000 00:00 0 
7f0fba7df000-7f0fba992000 r-xp 00000000 08:0a 1705496                    /usr/lib/libc-2.27.so
7f0fba992000-7f0fbab91000 ---p 001b3000 08:0a 1705496                    /usr/lib/libc-2.27.so
7f0fbab91000-7f0fbab95000 r--p 001b2000 08:0a 1705496                    /usr/lib/libc-2.27.so
7f0fbab95000-7f0fbab97000 rw-p 001b6000 08:0a 1705496                    /usr/lib/libc-2.27.so
7f0fbab97000-7f0fbab9b000 rw-p 00000000 00:00 0 
7f0fbab9b000-7f0fbab9e000 r-xp 00000000 08:0a 1704545                    /usr/lib/libdl-2.27.so
7f0fbab9e000-7f0fbad9d000 ---p 00003000 08:0a 1704545                    /usr/lib/libdl-2.27.so
7f0fbad9d000-7f0fbad9e000 r--p 00002000 08:0a 1704545                    /usr/lib/libdl-2.27.so
7f0fbad9e000-7f0fbad9f000 rw-p 00003000 08:0a 1704545                    /usr/lib/libdl-2.27.so
7f0fbad9f000-7f0fbadad000 r-xp 00000000 08:0a 141256                     /usr/lib/jvm/java-8-openjdk/jre/lib/amd64/jli/libjli.so
7f0fbadad000-7f0fbafac000 ---p 0000e000 08:0a 141256                     /usr/lib/jvm/java-8-openjdk/jre/lib/amd64/jli/libjli.so
7f0fbafac000-7f0fbafad000 r--p 0000d000 08:0a 141256                     /usr/lib/jvm/java-8-openjdk/jre/lib/amd64/jli/libjli.so
7f0fbafad000-7f0fbafae000 rw-p 0000e000 08:0a 141256                     /usr/lib/jvm/java-8-openjdk/jre/lib/amd64/jli/libjli.so
7f0fbafae000-7f0fbafc4000 r-xp 00000000 08:0a 1710054                    /usr/lib/libz.so.1.2.11
7f0fbafc4000-7f0fbb1c3000 ---p 00016000 08:0a 1710054                    /usr/lib/libz.so.1.2.11
7f0fbb1c3000-7f0fbb1c4000 r--p 00015000 08:0a 1710054                    /usr/lib/libz.so.1.2.11
7f0fbb1c4000-7f0fbb1c5000 rw-p 00016000 08:0a 1710054                    /usr/lib/libz.so.1.2.11
7f0fbb1c5000-7f0fbb1de000 r-xp 00000000 08:0a 1705557                    /usr/lib/libpthread-2.27.so
7f0fbb1de000-7f0fbb3dd000 ---p 00019000 08:0a 1705557                    /usr/lib/libpthread-2.27.so
7f0fbb3dd000-7f0fbb3de000 r--p 00018000 08:0a 1705557                    /usr/lib/libpthread-2.27.so
7f0fbb3de000-7f0fbb3df000 rw-p 00019000 08:0a 1705557                    /usr/lib/libpthread-2.27.so
7f0fbb3df000-7f0fbb3e3000 rw-p 00000000 00:00 0 
7f0fbb3e3000-7f0fbb408000 r-xp 00000000 08:0a 1705498                    /usr/lib/ld-2.27.so
7f0fbb4c8000-7f0fbb4c9000 ---p 00000000 00:00 0 
7f0fbb4c9000-7f0fbb4cc000 ---p 00000000 00:00 0 
7f0fbb4cc000-7f0fbb5cb000 rw-p 00000000 00:00 0 
7f0fbb5fb000-7f0fbb603000 rw-s 00000000 00:2c 77                         /tmp/hsperfdata_kevinmanjaro/9036
7f0fbb603000-7f0fbb604000 rw-p 00000000 00:00 0 
7f0fbb604000-7f0fbb605000 r--p 00000000 00:00 0 
7f0fbb605000-7f0fbb607000 rw-p 00000000 00:00 0 
7f0fbb607000-7f0fbb608000 r--p 00024000 08:0a 1705498                    /usr/lib/ld-2.27.so
7f0fbb608000-7f0fbb609000 rw-p 00025000 08:0a 1705498                    /usr/lib/ld-2.27.so
7f0fbb609000-7f0fbb60a000 rw-p 00000000 00:00 0 
7fff8f8f8000-7fff8f919000 rw-p 00000000 00:00 0                          [stack]
7fff8f952000-7fff8f955000 r--p 00000000 00:00 0                          [vvar]
7fff8f955000-7fff8f957000 r-xp 00000000 00:00 0                          [vdso]
ffffffffff600000-ffffffffff601000 r-xp 00000000 00:00 0                  [vsyscall]

VM Arguments:
java_command: /home/kevinmanjaro/NetBeansProjects/cinepolis/target/surefire/surefirebooter7565619288924569997.jar /home/kevinmanjaro/NetBeansProjects/cinepolis/target/surefire/surefire7761890366677684188tmp /home/kevinmanjaro/NetBeansProjects/cinepolis/target/surefire/surefire1501911556406097835tmp
java_class_path (initial): /home/kevinmanjaro/NetBeansProjects/cinepolis/target/surefire/surefirebooter7565619288924569997.jar
Launcher Type: SUN_STANDARD

Environment Variables:
JAVA_HOME=/usr/lib/jvm/default
PATH=/usr/local/bin:/usr/bin:/bin:/usr/local/sbin:/usr/lib/jvm/default/bin:/usr/bin/site_perl:/usr/bin/vendor_perl:/usr/bin/core_perl
LD_LIBRARY_PATH=/usr/lib/jvm/default/bin/../jre/lib/amd64:/usr/lib/jvm/default/bin/../jre/lib/i386:
SHELL=/bin/bash
DISPLAY=:0

Signal Handlers:
SIGSEGV: [libjvm.so+0xaac6c0], sa_mask[0]=11111111011111111101111111111110, sa_flags=SA_RESTART|SA_SIGINFO
SIGBUS: [libjvm.so+0xaac6c0], sa_mask[0]=11111111011111111101111111111110, sa_flags=SA_RESTART|SA_SIGINFO
SIGFPE: [libjvm.so+0x8e2e80], sa_mask[0]=11111111011111111101111111111110, sa_flags=SA_RESTART|SA_SIGINFO
SIGPIPE: [libjvm.so+0x8e2e80], sa_mask[0]=11111111011111111101111111111110, sa_flags=SA_RESTART|SA_SIGINFO
SIGXFSZ: [libjvm.so+0x8e2e80], sa_mask[0]=11111111011111111101111111111110, sa_flags=SA_RESTART|SA_SIGINFO
SIGILL: [libjvm.so+0x8e2e80], sa_mask[0]=11111111011111111101111111111110, sa_flags=SA_RESTART|SA_SIGINFO
SIGUSR1: SIG_DFL, sa_mask[0]=00000000000000000000000000000000, sa_flags=none
SIGUSR2: [libjvm.so+0x8e2d30], sa_mask[0]=00100000000000000000000000000000, sa_flags=SA_RESTART|SA_SIGINFO
SIGHUP: SIG_DFL, sa_mask[0]=00000000000000000000000000000000, sa_flags=none
SIGINT: SIG_IGN, sa_mask[0]=00000000000000000000000000000000, sa_flags=none
SIGTERM: SIG_DFL, sa_mask[0]=00000000000000000000000000000000, sa_flags=none
SIGQUIT: SIG_DFL, sa_mask[0]=00000000000000000000000000000000, sa_flags=none


---------------  S Y S T E M  ---------------

OS:DISTRIB_ID=ManjaroLinux
DISTRIB_RELEASE=17.1.10
DISTRIB_CODENAME=Hakoila
DISTRIB_DESCRIPTION="Manjaro Linux"

uname:Linux 4.14.48-2-MANJARO #1 SMP PREEMPT Fri Jun 8 20:41:40 UTC 2018 x86_64
libc:glibc 2.27 NPTL 2.27 
rlimit: STACK 8192k, CORE infinity, NPROC 31284, NOFILE 4096, AS infinity
load average:29.88 11.97 4.84

/proc/meminfo:
MemTotal:        8068416 kB
MemFree:          125736 kB
MemAvailable:      37436 kB
Buffers:             920 kB
Cached:           456332 kB
SwapCached:            0 kB
Active:          7143404 kB
Inactive:         412912 kB
Active(anon):    7132644 kB
Inactive(anon):   385152 kB
Active(file):      10760 kB
Inactive(file):    27760 kB
Unevictable:         184 kB
Mlocked:             184 kB
SwapTotal:             0 kB
SwapFree:              0 kB
Dirty:                40 kB
Writeback:            32 kB
AnonPages:       7099508 kB
Mapped:           240572 kB
Shmem:            418472 kB
Slab:             150212 kB
SReclaimable:      61664 kB
SUnreclaim:        88548 kB
KernelStack:       21648 kB
PageTables:        92788 kB
NFS_Unstable:          0 kB
Bounce:                0 kB
WritebackTmp:          0 kB
CommitLimit:     4034208 kB
Committed_AS:   20588316 kB
VmallocTotal:   34359738367 kB
VmallocUsed:           0 kB
VmallocChunk:          0 kB
HardwareCorrupted:     0 kB
AnonHugePages:   2963456 kB
ShmemHugePages:        0 kB
ShmemPmdMapped:        0 kB
HugePages_Total:       0
HugePages_Free:        0
HugePages_Rsvd:        0
HugePages_Surp:        0
Hugepagesize:       2048 kB
DirectMap4k:      336688 kB
DirectMap2M:     7948288 kB
DirectMap1G:     1048576 kB


CPU:total 4 (initial active 4) (2 cores per cpu, 2 threads per core) family 6 model 61 stepping 4, cmov, cx8, fxsr, mmx, sse, sse2, sse3, ssse3, sse4.1, sse4.2, popcnt, avx, avx2, aes, clmul, erms, 3dnowpref, lzcnt, ht, tsc, tscinvbit, bmi1, bmi2, adx

/proc/cpuinfo:
processor	: 0
vendor_id	: GenuineIntel
cpu family	: 6
model		: 61
model name	: Intel(R) Core(TM) i5-5200U CPU @ 2.20GHz
stepping	: 4
microcode	: 0x2a
cpu MHz		: 2114.008
cache size	: 3072 KB
physical id	: 0
siblings	: 4
core id		: 0
cpu cores	: 2
apicid		: 0
initial apicid	: 0
fpu		: yes
fpu_exception	: yes
cpuid level	: 20
wp		: yes
flags		: fpu vme de pse tsc msr pae mce cx8 apic sep mtrr pge mca cmov pat pse36 clflush dts acpi mmx fxsr sse sse2 ss ht tm pbe syscall nx pdpe1gb rdtscp lm constant_tsc arch_perfmon pebs bts rep_good nopl xtopology nonstop_tsc cpuid aperfmperf pni pclmulqdq dtes64 monitor ds_cpl vmx est tm2 ssse3 sdbg fma cx16 xtpr pdcm pcid sse4_1 sse4_2 x2apic movbe popcnt tsc_deadline_timer aes xsave avx f16c rdrand lahf_lm abm 3dnowprefetch cpuid_fault epb invpcid_single pti ibrs ibpb stibp tpr_shadow vnmi flexpriority ept vpid fsgsbase tsc_adjust bmi1 avx2 smep bmi2 erms invpcid rdseed adx smap intel_pt xsaveopt dtherm ida arat pln pts
bugs		: cpu_meltdown spectre_v1 spectre_v2 spec_store_bypass
bogomips	: 4395.87
clflush size	: 64
cache_alignment	: 64
address sizes	: 39 bits physical, 48 bits virtual
power management:

processor	: 1
vendor_id	: GenuineIntel
cpu family	: 6
model		: 61
model name	: Intel(R) Core(TM) i5-5200U CPU @ 2.20GHz
stepping	: 4
microcode	: 0x2a
cpu MHz		: 1786.224
cache size	: 3072 KB
physical id	: 0
siblings	: 4
core id		: 1
cpu cores	: 2
apicid		: 2
initial apicid	: 2
fpu		: yes
fpu_exception	: yes
cpuid level	: 20
wp		: yes
flags		: fpu vme de pse tsc msr pae mce cx8 apic sep mtrr pge mca cmov pat pse36 clflush dts acpi mmx fxsr sse sse2 ss ht tm pbe syscall nx pdpe1gb rdtscp lm constant_tsc arch_perfmon pebs bts rep_good nopl xtopology nonstop_tsc cpuid aperfmperf pni pclmulqdq dtes64 monitor ds_cpl vmx est tm2 ssse3 sdbg fma cx16 xtpr pdcm pcid sse4_1 sse4_2 x2apic movbe popcnt tsc_deadline_timer aes xsave avx f16c rdrand lahf_lm abm 3dnowprefetch cpuid_fault epb invpcid_single pti ibrs ibpb stibp tpr_shadow vnmi flexpriority ept vpid fsgsbase tsc_adjust bmi1 avx2 smep bmi2 erms invpcid rdseed adx smap intel_pt xsaveopt dtherm ida arat pln pts
bugs		: cpu_meltdown spectre_v1 spectre_v2 spec_store_bypass
bogomips	: 4395.87
clflush size	: 64
cache_alignment	: 64
address sizes	: 39 bits physical, 48 bits virtual
power management:

processor	: 2
vendor_id	: GenuineIntel
cpu family	: 6
model		: 61
model name	: Intel(R) Core(TM) i5-5200U CPU @ 2.20GHz
stepping	: 4
microcode	: 0x2a
cpu MHz		: 1788.938
cache size	: 3072 KB
physical id	: 0
siblings	: 4
core id		: 0
cpu cores	: 2
apicid		: 1
initial apicid	: 1
fpu		: yes
fpu_exception	: yes
cpuid level	: 20
wp		: yes
flags		: fpu vme de pse tsc msr pae mce cx8 apic sep mtrr pge mca cmov pat pse36 clflush dts acpi mmx fxsr sse sse2 ss ht tm pbe syscall nx pdpe1gb rdtscp lm constant_tsc arch_perfmon pebs bts rep_good nopl xtopology nonstop_tsc cpuid aperfmperf pni pclmulqdq dtes64 monitor ds_cpl vmx est tm2 ssse3 sdbg fma cx16 xtpr pdcm pcid sse4_1 sse4_2 x2apic movbe popcnt tsc_deadline_timer aes xsave avx f16c rdrand lahf_lm abm 3dnowprefetch cpuid_fault epb invpcid_single pti ibrs ibpb stibp tpr_shadow vnmi flexpriority ept vpid fsgsbase tsc_adjust bmi1 avx2 smep bmi2 erms invpcid rdseed adx smap intel_pt xsaveopt dtherm ida arat pln pts
bugs		: cpu_meltdown spectre_v1 spectre_v2 spec_store_bypass
bogomips	: 4395.87
clflush size	: 64
cache_alignment	: 64
address sizes	: 39 bits physical, 48 bits virtual
power management:

processor	: 3
vendor_id	: GenuineIntel
cpu family	: 6
model		: 61
model name	: Intel(R) Core(TM) i5-5200U CPU @ 2.20GHz
stepping	: 4
microcode	: 0x2a
cpu MHz		: 2006.396
cache size	: 3072 KB
physical id	: 0
siblings	: 4
core id		: 1
cpu cores	: 2
apicid		: 3
initial apicid	: 3
fpu		: yes
fpu_exception	: yes
cpuid level	: 20
wp		: yes
flags		: fpu vme de pse tsc msr pae mce cx8 apic sep mtrr pge mca cmov pat pse36 clflush dts acpi mmx fxsr sse sse2 ss ht tm pbe syscall nx pdpe1gb rdtscp lm constant_tsc arch_perfmon pebs bts rep_good nopl xtopology nonstop_tsc cpuid aperfmperf pni pclmulqdq dtes64 monitor ds_cpl vmx est tm2 ssse3 sdbg fma cx16 xtpr pdcm pcid sse4_1 sse4_2 x2apic movbe popcnt tsc_deadline_timer aes xsave avx f16c rdrand lahf_lm abm 3dnowprefetch cpuid_fault epb invpcid_single pti ibrs ibpb stibp tpr_shadow vnmi flexpriority ept vpid fsgsbase tsc_adjust bmi1 avx2 smep bmi2 erms invpcid rdseed adx smap intel_pt xsaveopt dtherm ida arat pln pts
bugs		: cpu_meltdown spectre_v1 spectre_v2 spec_store_bypass
bogomips	: 4395.87
clflush size	: 64
cache_alignment	: 64
address sizes	: 39 bits physical, 48 bits virtual
power management:



Memory: 4k page, physical 8068416k(125736k free), swap 0k(0k free)

vm_info: OpenJDK 64-Bit Server VM (25.172-b11) for linux-amd64 JRE (1.8.0_172-b11), built on Apr 26 2018 02:09:23 by "builduser" with gcc 7.3.1 20180406

time: Wed Jun 27 12:18:29 2018
elapsed time: 40 seconds (0d 0h 0m 40s)

